{
  "stats": {
    "suites": 1,
    "tests": 3,
    "passes": 3,
    "pending": 0,
    "failures": 0,
    "start": "2024-06-10T01:33:49.750Z",
    "end": "2024-06-10T01:33:52.919Z",
    "duration": 3169,
    "testsRegistered": 3,
    "passPercent": 100,
    "pendingPercent": 0,
    "other": 0,
    "hasOther": false,
    "skipped": 0,
    "hasSkipped": false
  },
  "results": [
    {
      "uuid": "dca48701-d28d-4c6d-990b-8ed3ef7d253e",
      "title": "",
      "fullFile": "cypress\\e2e\\list.cy.ts",
      "file": "cypress\\e2e\\list.cy.ts",
      "beforeHooks": [],
      "afterHooks": [],
      "tests": [],
      "suites": [
        {
          "uuid": "c343b45c-6a5a-40dd-ba0c-20ca5f0425e0",
          "title": "list page spec",
          "fullFile": "",
          "file": "",
          "beforeHooks": [],
          "afterHooks": [],
          "tests": [
            {
              "title": "should be able to filter by name",
              "fullTitle": "list page spec should be able to filter by name",
              "timedOut": null,
              "duration": 895,
              "state": "passed",
              "speed": "fast",
              "pass": true,
              "fail": false,
              "pending": false,
              "context": null,
              "code": "cy.visit('https://computer-database.gatling.io/computers');\nconst filterField = cy.get(\"#searchbox\");\nfilterField.should('be.visible');\nfilterField.type('ACE');\nconst submitButton = cy.get('#searchsubmit');\nsubmitButton.click();\nconst tableBody = cy.get('tbody');\ntableBody.children().should('have.length', 6);\nfor (let index = 1; index <= 6; index++) {\n    cy.get(`tbody > tr:nth-child(${index})`).contains('ACE', {\n        matchCase: false\n    });\n}",
              "err": {},
              "uuid": "70a7b440-78fc-4e21-9a53-23cea48cfdc7",
              "parentUUID": "c343b45c-6a5a-40dd-ba0c-20ca5f0425e0",
              "isHook": false,
              "skipped": false
            },
            {
              "title": "should be able to navigate to next page",
              "fullTitle": "list page spec should be able to navigate to next page",
              "timedOut": null,
              "duration": 699,
              "state": "passed",
              "speed": "fast",
              "pass": true,
              "fail": false,
              "pending": false,
              "context": null,
              "code": "cy.visit('https://computer-database.gatling.io/computers');\nconst computerNames = [];\nfor (let index = 1; index <= 10; index++) {\n    computerNames.push(cy.get(`tbody > tr:nth-child(${index})`).invoke('text'));\n}\ncy.get('.next > a').click();\nconst newComputerNames = [];\nfor (let index = 1; index <= 10; index++) {\n    newComputerNames.push(cy.get(`tbody > tr:nth-child(${index})`).invoke('text'));\n}\nexpect(computerNames).not.deep.equal(newComputerNames);",
              "err": {},
              "uuid": "0df04633-d88b-4483-9406-ac3adbc174b1",
              "parentUUID": "c343b45c-6a5a-40dd-ba0c-20ca5f0425e0",
              "isHook": false,
              "skipped": false
            },
            {
              "title": "should be able to return to previous page from page one",
              "fullTitle": "list page spec should be able to return to previous page from page one",
              "timedOut": null,
              "duration": 326,
              "state": "passed",
              "speed": "fast",
              "pass": true,
              "fail": false,
              "pending": false,
              "context": null,
              "code": "cy.visit('https://computer-database.gatling.io/computers');\ncy.get('.prev').should('have.class', 'disabled');\nexpect(cy.get('.prev > a').click).throws();",
              "err": {},
              "uuid": "4ba7552a-2869-41f0-95c4-6a8655080ff3",
              "parentUUID": "c343b45c-6a5a-40dd-ba0c-20ca5f0425e0",
              "isHook": false,
              "skipped": false
            }
          ],
          "suites": [],
          "passes": [
            "70a7b440-78fc-4e21-9a53-23cea48cfdc7",
            "0df04633-d88b-4483-9406-ac3adbc174b1",
            "4ba7552a-2869-41f0-95c4-6a8655080ff3"
          ],
          "failures": [],
          "pending": [],
          "skipped": [],
          "duration": 1920,
          "root": false,
          "rootEmpty": false,
          "_timeout": 2000
        }
      ],
      "passes": [],
      "failures": [],
      "pending": [],
      "skipped": [],
      "duration": 0,
      "root": true,
      "rootEmpty": true,
      "_timeout": 2000
    }
  ],
  "meta": {
    "mocha": {
      "version": "7.0.1"
    },
    "mochawesome": {
      "options": {
        "quiet": false,
        "reportFilename": "mochawesome",
        "saveHtml": true,
        "saveJson": true,
        "consoleReporter": "spec",
        "useInlineDiffs": false,
        "code": true
      },
      "version": "7.1.3"
    },
    "marge": {
      "options": {
        "overwrite": false
      },
      "version": "6.2.0"
    }
  }
}