{
  "stats": {
    "suites": 1,
    "tests": 2,
    "passes": 2,
    "pending": 0,
    "failures": 0,
    "start": "2024-06-10T01:33:43.324Z",
    "end": "2024-06-10T01:33:48.228Z",
    "duration": 4904,
    "testsRegistered": 2,
    "passPercent": 100,
    "pendingPercent": 0,
    "other": 0,
    "hasOther": false,
    "skipped": 0,
    "hasSkipped": false
  },
  "results": [
    {
      "uuid": "0a203cab-f4e0-40b3-a559-03e1906621db",
      "title": "",
      "fullFile": "cypress\\e2e\\create.cy.ts",
      "file": "cypress\\e2e\\create.cy.ts",
      "beforeHooks": [],
      "afterHooks": [],
      "tests": [],
      "suites": [
        {
          "uuid": "88990af0-f701-4afb-9ee6-3a49134edfed",
          "title": "template spec",
          "fullFile": "",
          "file": "",
          "beforeHooks": [],
          "afterHooks": [],
          "tests": [
            {
              "title": "should be able to create a computer",
              "fullTitle": "template spec should be able to create a computer",
              "timedOut": null,
              "duration": 1778,
              "state": "passed",
              "speed": "fast",
              "pass": true,
              "fail": false,
              "pending": false,
              "context": null,
              "code": "cy.visit('https://computer-database.gatling.io/computers');\ncy.get('#add').should('be.visible').click();\ncy.get('#name').should('be.visible').type('COMPUTER');\ncy.get('.primary').click();\ncy.get('.alert-message').should('be.visible').should('contain.text', 'Done !  Computer COMPUTER has been created');",
              "err": {},
              "uuid": "0063c25a-2068-43a0-b294-f874c118d14f",
              "parentUUID": "88990af0-f701-4afb-9ee6-3a49134edfed",
              "isHook": false,
              "skipped": false
            },
            {
              "title": "should not be able to create without a name",
              "fullTitle": "template spec should not be able to create without a name",
              "timedOut": null,
              "duration": 1012,
              "state": "passed",
              "speed": "fast",
              "pass": true,
              "fail": false,
              "pending": false,
              "context": null,
              "code": "cy.visit('https://computer-database.gatling.io/computers');\ncy.get('#add').should('be.visible').click();\ncy.get('.primary').click();\ncy.get('.error > .input > .help-inline').should('be.visible').should('contain.text', 'Failed to refine type : Predicate isEmpty() did not fail.');\ncy.get('.error').should('be.visible');",
              "err": {},
              "uuid": "98f00447-e02c-42d7-b324-728f1bdde881",
              "parentUUID": "88990af0-f701-4afb-9ee6-3a49134edfed",
              "isHook": false,
              "skipped": false
            }
          ],
          "suites": [],
          "passes": [
            "0063c25a-2068-43a0-b294-f874c118d14f",
            "98f00447-e02c-42d7-b324-728f1bdde881"
          ],
          "failures": [],
          "pending": [],
          "skipped": [],
          "duration": 2790,
          "root": false,
          "rootEmpty": false,
          "_timeout": 2000
        }
      ],
      "passes": [],
      "failures": [],
      "pending": [],
      "skipped": [],
      "duration": 0,
      "root": true,
      "rootEmpty": true,
      "_timeout": 2000
    }
  ],
  "meta": {
    "mocha": {
      "version": "7.0.1"
    },
    "mochawesome": {
      "options": {
        "quiet": false,
        "reportFilename": "mochawesome",
        "saveHtml": true,
        "saveJson": true,
        "consoleReporter": "spec",
        "useInlineDiffs": false,
        "code": true
      },
      "version": "7.1.3"
    },
    "marge": {
      "options": {
        "overwrite": false
      },
      "version": "6.2.0"
    }
  }
}